<?xml version="1.0" encoding="UTF-8"?>
<!-- Generated by org.testng.reporters.JUnitReportReporter -->
<testsuite hostname="DESKTOP-DEO0AA3" name="com.selenium.maven1.SampleJava1" tests="1" failures="0" timestamp="21 May 2020 07:03:54 GMT" time="0.202" errors="0">
  <testcase name="pract" time="0.202" classname="com.selenium.maven1.SampleJava1"/>
</testsuite> <!-- com.selenium.maven1.SampleJava1 -->
