<?xml version="1.0" encoding="UTF-8"?>
<!-- Generated by org.testng.reporters.JUnitReportReporter -->
<testsuite hostname="DESKTOP-DEO0AA3" name="com.selenium.maven1.Chrome1_Orange" tests="1" failures="0" timestamp="25 May 2020 06:03:22 GMT" time="24.389" errors="0">
  <testcase name="orange" time="24.389" classname="com.selenium.maven1.Chrome1_Orange"/>
</testsuite> <!-- com.selenium.maven1.Chrome1_Orange -->
